2026-05-26T17:05:24.958-04:00  INFO 18132 --- [Lavalink] [           main] lavalink.server.Launcher                 : Starting Launcher v4.2.2 using Java 21.0.11 with PID 18132 (/home/Alvaro/repos/Bot-Mus-Dc/Server/Lavalink.jar started by Alvaro in /home/Alvaro/repos/Bot-Mus-Dc/Server)
2026-05-26T17:05:24.963-04:00  INFO 18132 --- [Lavalink] [           main] lavalink.server.Launcher                 : No active profile set, falling back to 1 default profile: "default"
2026-05-26T17:05:25.421-04:00  INFO 18132 --- [Lavalink] [           main] o.s.cloud.context.scope.GenericScope     : BeanFactory id=3d6bf653-92ea-3fde-943a-10b9f8cd696e
2026-05-26T17:05:25.910-04:00  INFO 18132 --- [Lavalink] [           main] lavalink.server.Launcher                 : Started Launcher in 1.493 seconds (process running for 1.988)
2026-05-26T17:05:25.974-04:00  INFO 18132 --- [Lavalink] [           main] lavalink.server.Launcher                 : 

[32m       .  [31m _                  _ _       _    [32m__ _ _
[32m      /\\ [31m| | __ ___   ____ _| (_)_ __ | | __[32m\ \ \ \
[32m     ( ( )[31m| |/ _` \ \ / / _` | | | '_ \| |/ /[32m \ \ \ \
[32m      \\/ [31m| | (_| |\ V / (_| | | | | | |   < [32m  ) ) ) )
[32m       '  [31m|_|\__,_| \_/ \__,_|_|_|_| |_|_|\_\[32m / / / /
[0m    =========================================[32m/_/_/_/[0m

	Version:        4.2.2
	Build time:     06.03.2026 23:24:16 UTC
	Branch          HEAD
	Commit:         e8503fd
	Commit time:    06.03.2026 23:21:15 UTC
	JVM:            21.0.11
	Lavaplayer      2.2.6

2026-05-26T17:05:25.985-04:00  INFO 18132 --- [Lavalink] [           main] lavalink.server.Launcher                 : No active profile set, falling back to 1 default profile: "default"
2026-05-26T17:05:26.483-04:00  WARN 18132 --- [Lavalink] [           main] io.undertow.websockets.jsr               : UT026010: Buffer pool was not set on WebSocketDeploymentInfo, the default pool will be used
2026-05-26T17:05:26.504-04:00  INFO 18132 --- [Lavalink] [           main] io.undertow.servlet                      : Initializing Spring embedded WebApplicationContext
2026-05-26T17:05:26.504-04:00  INFO 18132 --- [Lavalink] [           main] w.s.c.ServletWebServerApplicationContext : Root WebApplicationContext: initialization completed in 514 ms
2026-05-26T17:05:26.574-04:00  WARN 18132 --- [Lavalink] [           main] l.server.config.SentryConfiguration      : Turning off sentry
2026-05-26T17:05:26.684-04:00  INFO 18132 --- [Lavalink] [           main] c.s.d.l.tools.GarbageCollectionMonitor   : GC monitoring enabled, reporting results every 2 minutes.
2026-05-26T17:05:26.771-04:00  WARN 18132 --- [Lavalink] [           main] l.s.config.AudioPlayerConfiguration      : The default Youtube source is now deprecated and won't receive further updates.
You should use the new Youtube source plugin instead.
https://github.com/lavalink-devs/youtube-source#plugin.
To disable this warning, set 'lavalink.server.sources.youtube' to false in your application.yml.
2026-05-26T17:05:27.358-04:00  INFO 18132 --- [Lavalink] [           main] l.server.config.KoeConfiguration         : OS: LINUX, Arch: X86_64
2026-05-26T17:05:27.359-04:00  INFO 18132 --- [Lavalink] [           main] l.server.config.KoeConfiguration         : Enabling JDA-NAS
2026-05-26T17:05:27.362-04:00  INFO 18132 --- [Lavalink] [           main] c.s.l.c.natives.NativeLibraryLoader      : Native library udpqueue: loading with filter null
2026-05-26T17:05:27.365-04:00  INFO 18132 --- [Lavalink] [           main] c.s.l.c.natives.NativeLibraryLoader      : Native library udpqueue: successfully loaded.
2026-05-26T17:05:27.598-04:00  INFO 18132 --- [Lavalink] [           main] io.undertow                              : starting server: Undertow - 2.3.13.Final
2026-05-26T17:05:27.605-04:00  INFO 18132 --- [Lavalink] [           main] org.xnio                                 : XNIO version 3.8.8.Final
2026-05-26T17:05:27.615-04:00  INFO 18132 --- [Lavalink] [           main] org.xnio.nio                             : XNIO NIO Implementation Version 3.8.8.Final
2026-05-26T17:05:27.694-04:00  INFO 18132 --- [Lavalink] [           main] org.jboss.threads                        : JBoss Threads version 3.5.0.Final
2026-05-26T17:05:27.758-04:00  INFO 18132 --- [Lavalink] [           main] io.undertow                              : stopping server: Undertow - 2.3.13.Final
2026-05-26T17:05:27.760-04:00  WARN 18132 --- [Lavalink] [           main] ConfigServletWebServerApplicationContext : Exception encountered during context initialization - cancelling refresh attempt: org.springframework.context.ApplicationContextException: Failed to start bean 'webServerStartStop'
2026-05-26T17:05:27.761-04:00  INFO 18132 --- [Lavalink] [           main] c.s.d.l.tools.GarbageCollectionMonitor   : GC monitoring disabled.
2026-05-26T17:05:27.764-04:00 ERROR 18132 --- [Lavalink] [           main] lavalink.server.Launcher                 : Application failed

org.springframework.context.ApplicationContextException: Failed to start bean 'webServerStartStop'
	at org.springframework.context.support.DefaultLifecycleProcessor.doStart(DefaultLifecycleProcessor.java:288) ~[spring-context-6.1.9.jar!/:6.1.9]
	at org.springframework.context.support.DefaultLifecycleProcessor$LifecycleGroup.start(DefaultLifecycleProcessor.java:469) ~[spring-context-6.1.9.jar!/:6.1.9]
	at java.base/java.lang.Iterable.forEach(Iterable.java:75) ~[na:na]
	at org.springframework.context.support.DefaultLifecycleProcessor.startBeans(DefaultLifecycleProcessor.java:257) ~[spring-context-6.1.9.jar!/:6.1.9]
	at org.springframework.context.support.DefaultLifecycleProcessor.onRefresh(DefaultLifecycleProcessor.java:202) ~[spring-context-6.1.9.jar!/:6.1.9]
	at org.springframework.context.support.AbstractApplicationContext.finishRefresh(AbstractApplicationContext.java:981) ~[spring-context-6.1.9.jar!/:6.1.9]
	at org.springframework.context.support.AbstractApplicationContext.refresh(AbstractApplicationContext.java:627) ~[spring-context-6.1.9.jar!/:6.1.9]
	at org.springframework.boot.web.servlet.context.ServletWebServerApplicationContext.refresh(ServletWebServerApplicationContext.java:146) ~[spring-boot-3.3.0.jar!/:3.3.0]
	at org.springframework.boot.SpringApplication.refresh(SpringApplication.java:754) ~[spring-boot-3.3.0.jar!/:3.3.0]
	at org.springframework.boot.SpringApplication.refreshContext(SpringApplication.java:456) ~[spring-boot-3.3.0.jar!/:3.3.0]
	at org.springframework.boot.SpringApplication.run(SpringApplication.java:335) ~[spring-boot-3.3.0.jar!/:3.3.0]
	at org.springframework.boot.builder.SpringApplicationBuilder.run(SpringApplicationBuilder.java:149) ~[spring-boot-3.3.0.jar!/:3.3.0]
	at lavalink.server.Launcher.launchMain(Launcher.kt:164) ~[classes!/:4.2.2]
	at lavalink.server.Launcher.main(Launcher.kt:126) ~[classes!/:4.2.2]
	at java.base/jdk.internal.reflect.DirectMethodHandleAccessor.invoke(DirectMethodHandleAccessor.java:103) ~[na:na]
	at java.base/java.lang.reflect.Method.invoke(Method.java:580) ~[na:na]
	at org.springframework.boot.loader.MainMethodRunner.run(MainMethodRunner.java:49) ~[Lavalink.jar:4.2.2]
	at org.springframework.boot.loader.Launcher.launch(Launcher.java:95) ~[Lavalink.jar:4.2.2]
	at org.springframework.boot.loader.Launcher.launch(Launcher.java:58) ~[Lavalink.jar:4.2.2]
	at org.springframework.boot.loader.JarLauncher.main(JarLauncher.java:65) ~[Lavalink.jar:4.2.2]
Caused by: org.springframework.boot.web.server.PortInUseException: Port 8080 is already in use
	at org.springframework.boot.web.embedded.undertow.UndertowWebServer.lambda$start$0(UndertowWebServer.java:129) ~[spring-boot-3.3.0.jar!/:3.3.0]
	at org.springframework.boot.web.server.PortInUseException.lambda$ifPortBindingException$1(PortInUseException.java:85) ~[spring-boot-3.3.0.jar!/:3.3.0]
	at org.springframework.boot.web.server.PortInUseException.ifCausedBy(PortInUseException.java:103) ~[spring-boot-3.3.0.jar!/:3.3.0]
	at org.springframework.boot.web.server.PortInUseException.ifPortBindingException(PortInUseException.java:82) ~[spring-boot-3.3.0.jar!/:3.3.0]
	at org.springframework.boot.web.embedded.undertow.UndertowWebServer.start(UndertowWebServer.java:125) ~[spring-boot-3.3.0.jar!/:3.3.0]
	at org.springframework.boot.web.servlet.context.WebServerStartStopLifecycle.start(WebServerStartStopLifecycle.java:44) ~[spring-boot-3.3.0.jar!/:3.3.0]
	at org.springframework.context.support.DefaultLifecycleProcessor.doStart(DefaultLifecycleProcessor.java:285) ~[spring-context-6.1.9.jar!/:6.1.9]
	... 19 common frames omitted

2026-05-26T17:05:27.769-04:00  INFO 18132 --- [Lavalink] [           main] .s.b.a.l.ConditionEvaluationReportLogger : 

Error starting ApplicationContext. To display the condition evaluation report re-run your application with 'debug' enabled.
2026-05-26T17:05:27.788-04:00 ERROR 18132 --- [Lavalink] [           main] o.s.b.d.LoggingFailureAnalysisReporter   : 

***************************
APPLICATION FAILED TO START
***************************

Description:

Web server failed to start. Port 8080 was already in use.

Action:

Identify and stop the process that's listening on port 8080 or configure this application to listen on another port.

